::1 - - [09/Apr/2024:16:20:05 +0000] "GET / HTTP/1.1" 404 139 "-" "Mozilla/5.0 (Windows NT 10.0; Win64; x64) AppleWebKit/537.36 (KHTML, like Gecko) Chrome/123.0.0.0 Safari/537.36"
::1 - - [10/Apr/2024:14:50:28 +0000] "POST /api/v1/login HTTP/1.1" 404 152 "-" "PostmanRuntime/7.37.0"
::1 - - [10/Apr/2024:14:54:28 +0000] "POST /api/v1/login HTTP/1.1" 200 290 "-" "PostmanRuntime/7.37.0"
::1 - - [10/Apr/2024:14:54:34 +0000] "POST /api/v1/login HTTP/1.1" 401 52 "-" "PostmanRuntime/7.37.0"
::1 - - [10/Apr/2024:14:54:39 +0000] "POST /api/v1/login HTTP/1.1" 404 61 "-" "PostmanRuntime/7.37.0"
::1 - - [10/Apr/2024:14:54:53 +0000] "POST /api/v1/login HTTP/1.1" 404 63 "-" "PostmanRuntime/7.37.0"
::1 - - [11/Apr/2024:02:34:16 +0000] "POST /api/v1/register HTTP/1.1" 201 95 "-" "PostmanRuntime/7.37.3"
::1 - - [11/Apr/2024:02:36:57 +0000] "POST /api/v1/register HTTP/1.1" 409 51 "-" "PostmanRuntime/7.37.3"
::1 - - [11/Apr/2024:02:37:17 +0000] "POST /api/v1/login HTTP/1.1" 200 289 "-" "PostmanRuntime/7.37.3"
::1 - - [11/Apr/2024:02:37:18 +0000] "POST /api/v1/login HTTP/1.1" 200 289 "-" "PostmanRuntime/7.37.3"
::1 - - [11/Apr/2024:02:37:19 +0000] "POST /api/v1/login HTTP/1.1" 200 289 "-" "PostmanRuntime/7.37.3"
::1 - - [11/Apr/2024:02:37:20 +0000] "POST /api/v1/login HTTP/1.1" 200 289 "-" "PostmanRuntime/7.37.3"
::1 - - [11/Apr/2024:02:37:21 +0000] "POST /api/v1/login HTTP/1.1" 200 289 "-" "PostmanRuntime/7.37.3"
::1 - - [11/Apr/2024:02:42:58 +0000] "POST /api/v1/login HTTP/1.1" 200 291 "-" "PostmanRuntime/7.37.3"
::1 - - [11/Apr/2024:02:43:04 +0000] "POST /api/v1/login HTTP/1.1" 404 63 "-" "PostmanRuntime/7.37.3"
::1 - - [11/Apr/2024:02:43:08 +0000] "POST /api/v1/login HTTP/1.1" 200 291 "-" "PostmanRuntime/7.37.3"
::1 - - [11/Apr/2024:02:46:32 +0000] "POST /api/v1/register HTTP/1.1" 422 61 "-" "PostmanRuntime/7.37.3"
::1 - - [11/Apr/2024:02:48:59 +0000] "POST /api/v1/register HTTP/1.1" 201 97 "-" "PostmanRuntime/7.37.3"
::1 - - [11/Apr/2024:03:03:16 +0000] "GET /api/v1/myprofile HTTP/1.1" 401 26 "-" "PostmanRuntime/7.37.3"
::1 - - [11/Apr/2024:03:06:21 +0000] "POST /api/v1/login HTTP/1.1" 200 291 "-" "PostmanRuntime/7.37.3"
::1 - - [11/Apr/2024:03:06:40 +0000] "GET /api/v1/myprofile HTTP/1.1" 401 26 "-" "PostmanRuntime/7.37.3"
::1 - - [11/Apr/2024:03:06:50 +0000] "GET /api/v1/myprofile HTTP/1.1" 401 26 "-" "PostmanRuntime/7.37.3"
::1 - - [11/Apr/2024:03:08:57 +0000] "GET /api/v1/myprofile HTTP/1.1" 401 26 "-" "PostmanRuntime/7.37.3"
::1 - - [11/Apr/2024:03:09:05 +0000] "POST /api/v1/login HTTP/1.1" 200 291 "-" "PostmanRuntime/7.37.3"
::1 - - [11/Apr/2024:03:09:21 +0000] "GET /api/v1/myprofile HTTP/1.1" 401 26 "-" "PostmanRuntime/7.37.3"
::1 - - [11/Apr/2024:03:09:27 +0000] "GET /api/v1/myprofile HTTP/1.1" 401 26 "-" "PostmanRuntime/7.37.3"
::1 - - [11/Apr/2024:03:11:14 +0000] "POST /api/v1/login HTTP/1.1" 404 63 "-" "PostmanRuntime/7.37.3"
::1 - - [11/Apr/2024:03:11:19 +0000] "POST /api/v1/login HTTP/1.1" 200 291 "-" "PostmanRuntime/7.37.3"
::1 - - [11/Apr/2024:03:11:55 +0000] "GET /api/v1/myprofile HTTP/1.1" 401 26 "-" "PostmanRuntime/7.37.3"
::1 - - [11/Apr/2024:03:13:37 +0000] "POST /api/v1/login HTTP/1.1" 200 287 "-" "PostmanRuntime/7.37.3"
::1 - - [11/Apr/2024:03:13:56 +0000] "POST /api/v1/login HTTP/1.1" 200 291 "-" "PostmanRuntime/7.37.3"
::1 - - [11/Apr/2024:03:14:03 +0000] "POST /api/v1/login HTTP/1.1" 200 287 "-" "PostmanRuntime/7.37.3"
::1 - - [11/Apr/2024:03:16:30 +0000] "POST /api/v1/login HTTP/1.1" 200 287 "-" "PostmanRuntime/7.37.3"
::1 - - [11/Apr/2024:03:16:48 +0000] "POST /api/v1/login HTTP/1.1" 200 286 "-" "PostmanRuntime/7.37.3"
::1 - - [11/Apr/2024:03:27:07 +0000] "POST /api/v1/register HTTP/1.1" 201 97 "-" "PostmanRuntime/7.37.3"
::1 - - [11/Apr/2024:03:30:10 +0000] "POST /api/v1/login HTTP/1.1" 200 286 "-" "PostmanRuntime/7.37.3"
::1 - - [11/Apr/2024:03:30:21 +0000] "GET /api/v1/myprofile HTTP/1.1" 200 97 "-" "PostmanRuntime/7.37.3"
::1 - - [11/Apr/2024:03:30:36 +0000] "GET /api/v1/myprofile HTTP/1.1" 200 97 "-" "PostmanRuntime/7.37.3"
::1 - - [11/Apr/2024:03:30:38 +0000] "GET /api/v1/myprofile HTTP/1.1" 200 97 "-" "PostmanRuntime/7.37.3"
::1 - - [11/Apr/2024:03:30:38 +0000] "GET /api/v1/myprofile HTTP/1.1" 200 97 "-" "PostmanRuntime/7.37.3"
::1 - - [11/Apr/2024:03:30:39 +0000] "GET /api/v1/myprofile HTTP/1.1" 200 97 "-" "PostmanRuntime/7.37.3"
::1 - - [11/Apr/2024:03:30:39 +0000] "GET /api/v1/myprofile HTTP/1.1" 200 97 "-" "PostmanRuntime/7.37.3"
::1 - - [11/Apr/2024:03:31:06 +0000] "GET /api/v1/myprofile HTTP/1.1" 200 97 "-" "PostmanRuntime/7.37.3"
::1 - - [11/Apr/2024:03:31:13 +0000] "GET /api/v1/myprofile HTTP/1.1" 200 97 "-" "PostmanRuntime/7.37.3"
::1 - - [11/Apr/2024:03:31:18 +0000] "GET /api/v1/myprofile HTTP/1.1" 200 97 "-" "PostmanRuntime/7.37.3"
::1 - - [11/Apr/2024:03:31:19 +0000] "GET /api/v1/myprofile HTTP/1.1" 200 97 "-" "PostmanRuntime/7.37.3"
::1 - - [11/Apr/2024:03:31:20 +0000] "GET /api/v1/myprofile HTTP/1.1" 200 97 "-" "PostmanRuntime/7.37.3"
::1 - - [11/Apr/2024:03:31:22 +0000] "GET /api/v1/myprofile HTTP/1.1" 401 26 "-" "PostmanRuntime/7.37.3"
::1 - - [11/Apr/2024:03:31:25 +0000] "GET /api/v1/myprofile HTTP/1.1" 401 26 "-" "PostmanRuntime/7.37.3"
::1 - - [11/Apr/2024:03:34:06 +0000] "POST /api/v1/login HTTP/1.1" 200 286 "-" "PostmanRuntime/7.37.3"
::1 - - [11/Apr/2024:03:34:25 +0000] "POST /api/v1/register HTTP/1.1" 201 99 "-" "PostmanRuntime/7.37.3"
::1 - - [11/Apr/2024:03:34:29 +0000] "POST /api/v1/login HTTP/1.1" 200 286 "-" "PostmanRuntime/7.37.3"
::1 - - [11/Apr/2024:03:37:05 +0000] "POST /api/v1/login HTTP/1.1" 200 286 "-" "PostmanRuntime/7.37.3"
::1 - - [11/Apr/2024:03:38:23 +0000] "POST /api/v1/login HTTP/1.1" 200 287 "-" "PostmanRuntime/7.37.3"
::1 - - [11/Apr/2024:03:38:41 +0000] "GET /api/v1/myprofile HTTP/1.1" 200 101 "-" "PostmanRuntime/7.37.3"
::1 - - [11/Apr/2024:03:43:50 +0000] "POST /api/v1/login HTTP/1.1" 400 1224 "-" "PostmanRuntime/7.37.3"
::1 - - [11/Apr/2024:03:44:29 +0000] "POST /api/v1/superlogin HTTP/1.1" 200 287 "-" "PostmanRuntime/7.37.3"
::1 - - [11/Apr/2024:03:45:38 +0000] "POST /api/v1/superlogin HTTP/1.1" 404 63 "-" "PostmanRuntime/7.37.3"
::1 - - [11/Apr/2024:03:45:47 +0000] "POST /api/v1/superlogin HTTP/1.1" 200 286 "-" "PostmanRuntime/7.37.3"
::1 - - [11/Apr/2024:03:46:24 +0000] "POST /api/v1/login HTTP/1.1" 200 287 "-" "PostmanRuntime/7.37.3"
::1 - - [11/Apr/2024:03:49:04 +0000] "POST /api/v1/login HTTP/1.1" 200 288 "-" "PostmanRuntime/7.37.3"
::1 - - [11/Apr/2024:03:49:13 +0000] "GET /api/v1/myprofile HTTP/1.1" 200 99 "-" "PostmanRuntime/7.37.3"
::1 - - [11/Apr/2024:03:52:04 +0000] "POST /api/v1/register/admin HTTP/1.1" 404 161 "-" "PostmanRuntime/7.37.3"
::1 - - [11/Apr/2024:03:52:50 +0000] "POST /api/v1/register/admin HTTP/1.1" 404 161 "-" "PostmanRuntime/7.37.3"
::1 - - [11/Apr/2024:03:53:03 +0000] "POST /api/v1/login HTTP/1.1" 200 287 "-" "PostmanRuntime/7.37.3"
::1 - - [11/Apr/2024:03:53:13 +0000] "POST /api/v1/register/admin HTTP/1.1" 404 161 "-" "PostmanRuntime/7.37.3"
::1 - - [11/Apr/2024:03:54:20 +0000] "POST /api/v1/admin HTTP/1.1" 404 152 "-" "PostmanRuntime/7.37.3"
::1 - - [11/Apr/2024:03:54:42 +0000] "POST /api/v1/register/admin HTTP/1.1" 201 93 "-" "PostmanRuntime/7.37.3"
::1 - - [11/Apr/2024:03:54:58 +0000] "POST /api/v1/login HTTP/1.1" 200 288 "-" "PostmanRuntime/7.37.3"
::1 - - [11/Apr/2024:03:55:06 +0000] "GET /api/v1/myprofile HTTP/1.1" 200 99 "-" "PostmanRuntime/7.37.3"
::1 - - [11/Apr/2024:03:55:13 +0000] "POST /api/v1/register/admin HTTP/1.1" 403 26 "-" "PostmanRuntime/7.37.3"
::1 - - [11/Apr/2024:03:55:17 +0000] "POST /api/v1/register/admin HTTP/1.1" 409 51 "-" "PostmanRuntime/7.37.3"
::1 - - [11/Apr/2024:03:57:19 +0000] "POST /api/v1/login HTTP/1.1" 200 281 "-" "PostmanRuntime/7.37.3"
::1 - - [11/Apr/2024:03:57:45 +0000] "GET /api/v1/users HTTP/1.1" 200 353 "-" "PostmanRuntime/7.37.3"
::1 - - [11/Apr/2024:04:51:48 +0000] "POST /api/v1/register/admin HTTP/1.1" 201 93 "-" "PostmanRuntime/7.37.3"
::1 - - [11/Apr/2024:04:51:53 +0000] "POST /api/v1/register HTTP/1.1" 201 99 "-" "PostmanRuntime/7.37.3"
::1 - - [11/Apr/2024:04:51:55 +0000] "POST /api/v1/register HTTP/1.1" 409 51 "-" "PostmanRuntime/7.37.3"
::1 - - [11/Apr/2024:04:51:59 +0000] "POST /api/v1/login HTTP/1.1" 200 281 "-" "PostmanRuntime/7.37.3"
::1 - - [11/Apr/2024:04:52:04 +0000] "GET /api/v1/users HTTP/1.1" 401 26 "-" "PostmanRuntime/7.37.3"
::1 - - [11/Apr/2024:04:52:16 +0000] "POST /api/v1/login HTTP/1.1" 200 287 "-" "PostmanRuntime/7.37.3"
::1 - - [11/Apr/2024:04:52:22 +0000] "GET /api/v1/users HTTP/1.1" 200 284 "-" "PostmanRuntime/7.37.3"
::1 - - [11/Apr/2024:04:52:34 +0000] "POST /api/v1/login HTTP/1.1" 200 281 "-" "PostmanRuntime/7.37.3"
::1 - - [11/Apr/2024:04:52:43 +0000] "POST /api/v1/register/admin HTTP/1.1" 403 26 "-" "PostmanRuntime/7.37.3"
::1 - - [11/Apr/2024:04:52:46 +0000] "POST /api/v1/register/admin HTTP/1.1" 409 51 "-" "PostmanRuntime/7.37.3"
::1 - - [11/Apr/2024:11:45:02 +0000] "POST /api/v1/register/admin HTTP/1.1" 409 51 "-" "PostmanRuntime/7.37.3"
::1 - - [12/Apr/2024:02:16:17 +0000] "GET /api/v1/myprofile HTTP/1.1" 200 99 "-" "PostmanRuntime/7.37.3"
::1 - - [12/Apr/2024:02:16:28 +0000] "POST /api/v1/register/admin HTTP/1.1" 409 51 "-" "PostmanRuntime/7.37.3"
::1 - - [12/Apr/2024:02:16:53 +0000] "POST /api/v1/login HTTP/1.1" 200 493 "-" "PostmanRuntime/7.37.3"
::1 - - [12/Apr/2024:02:16:55 +0000] "POST /api/v1/register HTTP/1.1" 409 51 "-" "PostmanRuntime/7.37.3"
::1 - - [12/Apr/2024:02:17:09 +0000] "POST /api/v1/register HTTP/1.1" 201 96 "-" "PostmanRuntime/7.37.3"
::1 - - [12/Apr/2024:02:17:31 +0000] "POST /api/v1/register/admin HTTP/1.1" 409 51 "-" "PostmanRuntime/7.37.3"
::1 - - [12/Apr/2024:02:17:43 +0000] "POST /api/v1/register/admin HTTP/1.1" 201 93 "-" "PostmanRuntime/7.37.3"
::1 - - [12/Apr/2024:02:19:08 +0000] "POST /api/v1/register/admin HTTP/1.1" 409 51 "-" "PostmanRuntime/7.37.3"
::1 - - [12/Apr/2024:02:19:12 +0000] "POST /api/v1/login HTTP/1.1" 200 310 "-" "PostmanRuntime/7.37.3"
::1 - - [12/Apr/2024:02:19:26 +0000] "POST /api/v1/register/admin HTTP/1.1" 409 51 "-" "PostmanRuntime/7.37.3"
::1 - - [12/Apr/2024:02:19:29 +0000] "POST /api/v1/register/admin HTTP/1.1" 401 26 "-" "PostmanRuntime/7.37.3"
::1 - - [12/Apr/2024:02:21:17 +0000] "POST /api/v1/register/admin HTTP/1.1" 401 44 "-" "PostmanRuntime/7.37.3"
::1 - - [12/Apr/2024:02:21:19 +0000] "POST /api/v1/register/admin HTTP/1.1" 401 44 "-" "PostmanRuntime/7.37.3"
::1 - - [12/Apr/2024:02:21:19 +0000] "POST /api/v1/register/admin HTTP/1.1" 401 44 "-" "PostmanRuntime/7.37.3"
::1 - - [12/Apr/2024:02:33:36 +0000] "POST /api/v1/login HTTP/1.1" 200 310 "-" "PostmanRuntime/7.37.3"
::1 - - [12/Apr/2024:02:33:40 +0000] "POST /api/v1/register/admin HTTP/1.1" 401 44 "-" "PostmanRuntime/7.37.3"
::1 - - [12/Apr/2024:02:33:51 +0000] "POST /api/v1/login HTTP/1.1" 200 303 "-" "PostmanRuntime/7.37.3"
::1 - - [12/Apr/2024:02:33:59 +0000] "POST /api/v1/register/admin HTTP/1.1" 403 26 "-" "PostmanRuntime/7.37.3"
::1 - - [12/Apr/2024:02:34:15 +0000] "GET /api/v1/users HTTP/1.1" 200 417 "-" "PostmanRuntime/7.37.3"
::1 - - [12/Apr/2024:02:34:30 +0000] "GET /api/v1/users HTTP/1.1" 401 44 "-" "PostmanRuntime/7.37.3"
::1 - - [12/Apr/2024:02:34:32 +0000] "GET /api/v1/users HTTP/1.1" 401 44 "-" "PostmanRuntime/7.37.3"
::1 - - [12/Apr/2024:02:34:41 +0000] "POST /api/v1/login HTTP/1.1" 200 303 "-" "PostmanRuntime/7.37.3"
::1 - - [12/Apr/2024:02:34:48 +0000] "GET /api/v1/users HTTP/1.1" 200 417 "-" "PostmanRuntime/7.37.3"
::1 - - [12/Apr/2024:02:35:04 +0000] "GET /api/v1/users HTTP/1.1" 200 417 "-" "PostmanRuntime/7.37.3"
::1 - - [12/Apr/2024:02:35:05 +0000] "GET /api/v1/users HTTP/1.1" 200 417 "-" "PostmanRuntime/7.37.3"
::1 - - [12/Apr/2024:02:35:05 +0000] "GET /api/v1/users HTTP/1.1" 200 417 "-" "PostmanRuntime/7.37.3"
::1 - - [12/Apr/2024:02:35:06 +0000] "GET /api/v1/users HTTP/1.1" 200 417 "-" "PostmanRuntime/7.37.3"
::1 - - [12/Apr/2024:02:35:06 +0000] "GET /api/v1/users HTTP/1.1" 200 417 "-" "PostmanRuntime/7.37.3"
::1 - - [12/Apr/2024:02:35:06 +0000] "GET /api/v1/users HTTP/1.1" 200 417 "-" "PostmanRuntime/7.37.3"
::1 - - [12/Apr/2024:02:35:07 +0000] "GET /api/v1/users HTTP/1.1" 200 417 "-" "PostmanRuntime/7.37.3"
::1 - - [12/Apr/2024:02:35:07 +0000] "GET /api/v1/users HTTP/1.1" 200 417 "-" "PostmanRuntime/7.37.3"
::1 - - [12/Apr/2024:02:35:08 +0000] "GET /api/v1/users HTTP/1.1" 200 417 "-" "PostmanRuntime/7.37.3"
::1 - - [12/Apr/2024:02:35:08 +0000] "GET /api/v1/users HTTP/1.1" 200 417 "-" "PostmanRuntime/7.37.3"
::1 - - [12/Apr/2024:02:35:08 +0000] "GET /api/v1/users HTTP/1.1" 200 417 "-" "PostmanRuntime/7.37.3"
::1 - - [12/Apr/2024:02:35:09 +0000] "GET /api/v1/users HTTP/1.1" 200 417 "-" "PostmanRuntime/7.37.3"
::1 - - [12/Apr/2024:02:35:09 +0000] "GET /api/v1/users HTTP/1.1" 200 417 "-" "PostmanRuntime/7.37.3"
::1 - - [12/Apr/2024:02:35:09 +0000] "GET /api/v1/users HTTP/1.1" 200 417 "-" "PostmanRuntime/7.37.3"
::1 - - [12/Apr/2024:02:35:10 +0000] "GET /api/v1/users HTTP/1.1" 200 417 "-" "PostmanRuntime/7.37.3"
::1 - - [12/Apr/2024:02:35:11 +0000] "GET /api/v1/users HTTP/1.1" 401 44 "-" "PostmanRuntime/7.37.3"
::1 - - [12/Apr/2024:02:35:11 +0000] "GET /api/v1/users HTTP/1.1" 401 44 "-" "PostmanRuntime/7.37.3"
::1 - - [12/Apr/2024:03:17:27 +0000] "GET /api/v1/cars HTTP/1.1" 404 150 "-" "PostmanRuntime/7.37.3"
::1 - - [12/Apr/2024:03:17:27 +0000] "GET /api/v1/cars HTTP/1.1" 404 150 "-" "PostmanRuntime/7.37.3"
::1 - - [12/Apr/2024:03:17:59 +0000] "GET /api/v1/cars HTTP/1.1" 404 150 "-" "PostmanRuntime/7.37.3"
::1 - - [12/Apr/2024:03:18:02 +0000] "POST /api/v1/login HTTP/1.1" 200 303 "-" "PostmanRuntime/7.37.3"
::1 - - [12/Apr/2024:03:18:09 +0000] "GET /api/v1/cars HTTP/1.1" 404 150 "-" "PostmanRuntime/7.37.3"
::1 - - [12/Apr/2024:03:21:53 +0000] "POST /api/v1/login HTTP/1.1" 404 152 "-" "PostmanRuntime/7.37.3"
::1 - - [12/Apr/2024:03:22:06 +0000] "POST /api/v1/auth/login HTTP/1.1" 200 303 "-" "PostmanRuntime/7.37.3"
::1 - - [12/Apr/2024:03:24:39 +0000] "POST /api/v1/auth/login HTTP/1.1" 200 303 "-" "PostmanRuntime/7.37.3"
::1 - - [12/Apr/2024:03:26:15 +0000] "POST /api/v1/auth/register/admin HTTP/1.1" 401 44 "-" "PostmanRuntime/7.37.3"
::1 - - [12/Apr/2024:03:26:32 +0000] "POST /api/v1/auth/register HTTP/1.1" 201 96 "-" "PostmanRuntime/7.37.3"
::1 - - [12/Apr/2024:03:26:47 +0000] "GET /api/v1/myprofile HTTP/1.1" 404 155 "-" "PostmanRuntime/7.37.3"
::1 - - [12/Apr/2024:03:26:52 +0000] "GET /api/v1/auth/myprofile HTTP/1.1" 401 44 "-" "PostmanRuntime/7.37.3"
::1 - - [12/Apr/2024:03:26:55 +0000] "GET /api/v1/auth/myprofile HTTP/1.1" 401 44 "-" "PostmanRuntime/7.37.3"
::1 - - [12/Apr/2024:03:27:06 +0000] "POST /api/v1/auth/login HTTP/1.1" 200 303 "-" "PostmanRuntime/7.37.3"
::1 - - [12/Apr/2024:03:27:13 +0000] "GET /api/v1/auth/myprofile HTTP/1.1" 200 93 "-" "PostmanRuntime/7.37.3"
::1 - - [12/Apr/2024:03:27:26 +0000] "GET /api/v1/users HTTP/1.1" 404 151 "-" "PostmanRuntime/7.37.3"
::1 - - [12/Apr/2024:03:27:32 +0000] "GET /api/v1/auth/users HTTP/1.1" 200 485 "-" "PostmanRuntime/7.37.3"
::1 - - [12/Apr/2024:03:28:02 +0000] "GET /api/v1/cars HTTP/1.1" 401 44 "-" "PostmanRuntime/7.37.3"
::1 - - [12/Apr/2024:03:28:13 +0000] "POST /api/v1/auth/login HTTP/1.1" 200 311 "-" "PostmanRuntime/7.37.3"
::1 - - [12/Apr/2024:03:28:21 +0000] "GET /api/v1/cars HTTP/1.1" 500 18 "-" "PostmanRuntime/7.37.3"
::1 - - [12/Apr/2024:03:29:29 +0000] "GET /api/v1/cars HTTP/1.1" 404 150 "-" "PostmanRuntime/7.37.3"
::1 - - [12/Apr/2024:03:29:37 +0000] "GET /api/v1/cars HTTP/1.1" 500 18 "-" "PostmanRuntime/7.37.3"
::1 - - [12/Apr/2024:03:30:22 +0000] "GET /api/v1/cars HTTP/1.1" 500 18 "-" "PostmanRuntime/7.37.3"
::1 - - [12/Apr/2024:03:31:05 +0000] "GET /api/v1/cars HTTP/1.1" 500 18 "-" "PostmanRuntime/7.37.3"
::1 - - [12/Apr/2024:03:31:56 +0000] "GET /api/v1/cars HTTP/1.1" 500 18 "-" "PostmanRuntime/7.37.3"
::1 - - [12/Apr/2024:05:57:30 +0000] "GET /api/v1/cars HTTP/1.1" 401 44 "-" "PostmanRuntime/7.37.3"
::1 - - [12/Apr/2024:05:57:44 +0000] "POST /api/v1/auth/register HTTP/1.1" 201 96 "-" "PostmanRuntime/7.37.3"
::1 - - [12/Apr/2024:05:58:11 +0000] "POST /api/v1/auth/login HTTP/1.1" 200 310 "-" "PostmanRuntime/7.37.3"
::1 - - [12/Apr/2024:05:58:32 +0000] "POST /api/v1/auth/register/admin HTTP/1.1" 201 93 "-" "PostmanRuntime/7.37.3"
::1 - - [12/Apr/2024:05:59:00 +0000] "GET /api/v1/cars HTTP/1.1" 200 75 "-" "PostmanRuntime/7.37.3"
::1 - - [12/Apr/2024:13:46:12 +0000] "POST /api/v1/cars HTTP/1.1" 401 44 "-" "PostmanRuntime/7.37.3"
::1 - - [12/Apr/2024:13:58:35 +0000] "POST /api/v1/auth/login HTTP/1.1" 200 310 "-" "PostmanRuntime/7.37.3"
::1 - - [12/Apr/2024:13:58:52 +0000] "POST /api/v1/cars HTTP/1.1" 422 80 "-" "PostmanRuntime/7.37.3"
::1 - - [12/Apr/2024:13:59:42 +0000] "POST /api/v1/cars HTTP/1.1" 201 130 "-" "PostmanRuntime/7.37.3"
::1 - - [12/Apr/2024:13:59:51 +0000] "GET /api/v1/cars HTTP/1.1" 200 305 "-" "PostmanRuntime/7.37.3"
::1 - - [12/Apr/2024:14:12:03 +0000] "POST /api/v1/auth/login HTTP/1.1" 200 308 "-" "PostmanRuntime/7.37.3"
::1 - - [12/Apr/2024:14:12:28 +0000] "POST /api/v1/cars HTTP/1.1" 403 26 "-" "PostmanRuntime/7.37.3"
::1 - - [12/Apr/2024:14:12:54 +0000] "GET /api/v1/cars HTTP/1.1" 200 305 "-" "PostmanRuntime/7.37.3"
::1 - - [12/Apr/2024:14:13:27 +0000] "POST /api/v1/auth/login HTTP/1.1" 200 303 "-" "PostmanRuntime/7.37.3"
::1 - - [12/Apr/2024:14:13:43 +0000] "POST /api/v1/cars HTTP/1.1" 201 130 "-" "PostmanRuntime/7.37.3"
::1 - - [12/Apr/2024:14:13:47 +0000] "GET /api/v1/cars HTTP/1.1" 200 528 "-" "PostmanRuntime/7.37.3"
::1 - - [14/Apr/2024:12:20:25 +0000] "POST /api/v1/auth/login HTTP/1.1" 200 310 "-" "PostmanRuntime/7.37.3"
::1 - - [14/Apr/2024:12:21:35 +0000] "GET /api/v1/cars HTTP/1.1" 200 528 "-" "PostmanRuntime/7.37.3"
::1 - - [14/Apr/2024:12:30:06 +0000] "PUT /api/v1/cars/2 HTTP/1.1" 401 44 "-" "PostmanRuntime/7.37.3"
::1 - - [14/Apr/2024:12:30:18 +0000] "PUT /api/v1/cars/2 HTTP/1.1" 422 51 "-" "PostmanRuntime/7.37.3"
::1 - - [14/Apr/2024:12:31:44 +0000] "PUT /api/v1/cars/2 HTTP/1.1" 422 90 "-" "PostmanRuntime/7.37.3"
::1 - - [14/Apr/2024:12:32:23 +0000] "PUT /api/v1/cars/2 HTTP/1.1" 422 90 "-" "PostmanRuntime/7.37.3"
::1 - - [14/Apr/2024:12:33:39 +0000] "PUT /api/v1/cars/2 HTTP/1.1" 400 1173 "-" "PostmanRuntime/7.37.3"
::1 - - [14/Apr/2024:12:33:51 +0000] "PUT /api/v1/cars/2 HTTP/1.1" 200 45 "-" "PostmanRuntime/7.37.3"
::1 - - [14/Apr/2024:12:33:55 +0000] "GET /api/v1/cars HTTP/1.1" 200 532 "-" "PostmanRuntime/7.37.3"
::1 - - [14/Apr/2024:12:51:03 +0000] "PUT /api/v1/cars/2 HTTP/1.1" 401 44 "-" "PostmanRuntime/7.37.3"
::1 - - [14/Apr/2024:12:51:19 +0000] "PUT /api/v1/cars/2 HTTP/1.1" 422 90 "-" "PostmanRuntime/7.37.3"
::1 - - [14/Apr/2024:12:51:23 +0000] "DELETE /api/v1/cars/2 HTTP/1.1" 200 45 "-" "PostmanRuntime/7.37.3"
::1 - - [14/Apr/2024:12:51:27 +0000] "GET /api/v1/cars HTTP/1.1" 200 305 "-" "PostmanRuntime/7.37.3"
::1 - - [14/Apr/2024:14:03:18 +0000] "POST /api/v1/cars HTTP/1.1" 401 44 "-" "PostmanRuntime/7.37.3"
::1 - - [14/Apr/2024:14:03:24 +0000] "POST /api/v1/auth/login HTTP/1.1" 200 310 "-" "PostmanRuntime/7.37.3"
::1 - - [14/Apr/2024:14:03:32 +0000] "POST /api/v1/cars HTTP/1.1" 500 1415 "-" "PostmanRuntime/7.37.3"
::1 - - [14/Apr/2024:14:04:47 +0000] "POST /api/v1/cars HTTP/1.1" 422 80 "-" "PostmanRuntime/7.37.3"
::1 - - [14/Apr/2024:14:04:55 +0000] "POST /api/v1/cars HTTP/1.1" 201 130 "-" "PostmanRuntime/7.37.3"
::1 - - [14/Apr/2024:14:05:05 +0000] "POST /api/v1/cars HTTP/1.1" 422 80 "-" "PostmanRuntime/7.37.3"
::1 - - [14/Apr/2024:14:06:18 +0000] "POST /api/v1/images HTTP/1.1" 500 1415 "-" "PostmanRuntime/7.37.3"
::1 - - [14/Apr/2024:14:06:28 +0000] "POST /api/v1/images HTTP/1.1" 500 50 "-" "PostmanRuntime/7.37.3"
::1 - - [14/Apr/2024:14:06:36 +0000] "POST /api/v1/images HTTP/1.1" 500 1415 "-" "PostmanRuntime/7.37.3"
::1 - - [14/Apr/2024:14:06:39 +0000] "POST /api/v1/images HTTP/1.1" 500 50 "-" "PostmanRuntime/7.37.3"
::1 - - [14/Apr/2024:14:08:23 +0000] "POST /api/v1/images HTTP/1.1" 500 50 "-" "PostmanRuntime/7.37.3"
::1 - - [14/Apr/2024:14:08:42 +0000] "POST /api/v1/images HTTP/1.1" 500 50 "-" "PostmanRuntime/7.37.3"
::1 - - [14/Apr/2024:14:09:25 +0000] "POST /api/v1/images HTTP/1.1" 200 238 "-" "PostmanRuntime/7.37.3"
::1 - - [15/Apr/2024:02:10:02 +0000] "POST /api/v1/auth/login HTTP/1.1" 200 310 "-" "PostmanRuntime/7.37.3"
::1 - - [15/Apr/2024:02:10:17 +0000] "POST /api/v1/cars HTTP/1.1" 422 61 "-" "PostmanRuntime/7.37.3"
::1 - - [15/Apr/2024:02:12:07 +0000] "POST /api/v1/cars HTTP/1.1" 422 87 "-" "PostmanRuntime/7.37.3"
::1 - - [15/Apr/2024:02:14:26 +0000] "POST /api/v1/cars HTTP/1.1" 422 87 "-" "PostmanRuntime/7.37.3"
::1 - - [15/Apr/2024:02:16:13 +0000] "POST /api/v1/cars HTTP/1.1" 422 87 "-" "PostmanRuntime/7.37.3"
::1 - - [15/Apr/2024:02:16:54 +0000] "POST /api/v1/cars HTTP/1.1" 422 87 "-" "PostmanRuntime/7.37.3"
::1 - - [15/Apr/2024:02:18:42 +0000] "POST /api/v1/cars HTTP/1.1" 422 87 "-" "PostmanRuntime/7.37.3"
::1 - - [15/Apr/2024:02:18:45 +0000] "POST /api/v1/cars HTTP/1.1" 422 87 "-" "PostmanRuntime/7.37.3"
::1 - - [15/Apr/2024:02:25:40 +0000] "POST /api/v1/cars HTTP/1.1" 422 87 "-" "PostmanRuntime/7.37.3"
::1 - - [15/Apr/2024:02:31:11 +0000] "POST /api/v1/cars HTTP/1.1" 422 87 "-" "PostmanRuntime/7.37.3"
::1 - - [15/Apr/2024:02:31:17 +0000] "POST /api/v1/cars HTTP/1.1" 422 87 "-" "PostmanRuntime/7.37.3"
::1 - - [15/Apr/2024:02:31:32 +0000] "POST /api/v1/cars HTTP/1.1" 422 61 "-" "PostmanRuntime/7.37.3"
::1 - - [15/Apr/2024:02:31:50 +0000] "POST /api/v1/cars HTTP/1.1" 422 87 "-" "PostmanRuntime/7.37.3"
::1 - - [15/Apr/2024:02:50:56 +0000] "POST /api/v1/cars HTTP/1.1" 422 61 "-" "PostmanRuntime/7.37.3"
::1 - - [15/Apr/2024:02:51:05 +0000] "POST /api/v1/cars HTTP/1.1" 422 61 "-" "PostmanRuntime/7.37.3"
::1 - - [15/Apr/2024:02:51:53 +0000] "POST /api/v1/cars HTTP/1.1" 422 61 "-" "PostmanRuntime/7.37.3"
::1 - - [15/Apr/2024:02:52:02 +0000] "POST /api/v1/cars HTTP/1.1" 422 61 "-" "PostmanRuntime/7.37.3"
::1 - - [15/Apr/2024:02:52:16 +0000] "POST /api/v1/cars HTTP/1.1" 422 75 "-" "PostmanRuntime/7.37.3"
::1 - - [15/Apr/2024:02:52:18 +0000] "POST /api/v1/cars HTTP/1.1" 422 61 "-" "PostmanRuntime/7.37.3"
::1 - - [15/Apr/2024:03:11:37 +0000] "POST /api/v1/cars HTTP/1.1" 422 61 "-" "PostmanRuntime/7.37.3"
::1 - - [15/Apr/2024:03:11:50 +0000] "POST /api/v1/cars HTTP/1.1" 422 61 "-" "PostmanRuntime/7.37.3"
::1 - - [15/Apr/2024:03:14:35 +0000] "POST /api/v1/cars HTTP/1.1" 422 61 "-" "PostmanRuntime/7.37.3"
::1 - - [15/Apr/2024:03:14:40 +0000] "POST /api/v1/cars HTTP/1.1" 422 61 "-" "PostmanRuntime/7.37.3"
::1 - - [15/Apr/2024:03:18:18 +0000] "POST /api/v1/cars HTTP/1.1" 400 1173 "-" "PostmanRuntime/7.37.3"
::1 - - [15/Apr/2024:03:18:32 +0000] "POST /api/v1/cars HTTP/1.1" 422 61 "-" "PostmanRuntime/7.37.3"
::1 - - [15/Apr/2024:03:18:50 +0000] "POST /api/v1/cars HTTP/1.1" 422 61 "-" "PostmanRuntime/7.37.3"
::1 - - [15/Apr/2024:03:22:29 +0000] "POST /api/v1/cars HTTP/1.1" 422 64 "-" "PostmanRuntime/7.37.3"
::1 - - [15/Apr/2024:03:25:41 +0000] "POST /api/v1/cars HTTP/1.1" 422 61 "-" "PostmanRuntime/7.37.3"
::1 - - [15/Apr/2024:03:25:46 +0000] "POST /api/v1/cars HTTP/1.1" 422 61 "-" "PostmanRuntime/7.37.3"
::1 - - [15/Apr/2024:17:11:52 +0000] "POST /api/v1/cars HTTP/1.1" 422 61 "-" "PostmanRuntime/7.37.3"
::1 - - [15/Apr/2024:17:12:26 +0000] "POST /api/v1/cars HTTP/1.1" 422 61 "-" "PostmanRuntime/7.37.3"
::1 - - [15/Apr/2024:17:12:35 +0000] "POST /api/v1/cars HTTP/1.1" 422 61 "-" "PostmanRuntime/7.37.3"
::1 - - [15/Apr/2024:17:19:39 +0000] "POST /api/v1/cars HTTP/1.1" 500 55 "-" "PostmanRuntime/7.37.3"
::1 - - [15/Apr/2024:17:22:11 +0000] "POST /api/v1/cars HTTP/1.1" 422 53 "-" "PostmanRuntime/7.37.3"
::1 - - [15/Apr/2024:17:22:26 +0000] "POST /api/v1/cars HTTP/1.1" 422 53 "-" "PostmanRuntime/7.37.3"
::1 - - [15/Apr/2024:17:23:52 +0000] "POST /api/v1/cars HTTP/1.1" 422 86 "-" "PostmanRuntime/7.37.3"
::1 - - [15/Apr/2024:17:24:01 +0000] "POST /api/v1/cars HTTP/1.1" 422 86 "-" "PostmanRuntime/7.37.3"
::1 - - [15/Apr/2024:17:24:08 +0000] "POST /api/v1/cars HTTP/1.1" 422 86 "-" "PostmanRuntime/7.37.3"
::1 - - [15/Apr/2024:17:24:10 +0000] "POST /api/v1/cars HTTP/1.1" 422 86 "-" "PostmanRuntime/7.37.3"
::1 - - [15/Apr/2024:17:28:56 +0000] "POST /api/v1/cars HTTP/1.1" 500 100 "-" "PostmanRuntime/7.37.3"
::1 - - [15/Apr/2024:17:31:52 +0000] "POST /api/v1/cars HTTP/1.1" 201 130 "-" "PostmanRuntime/7.37.3"
::1 - - [15/Apr/2024:17:37:24 +0000] "POST /api/v1/cars HTTP/1.1" 500 53 "-" "PostmanRuntime/7.37.3"
::1 - - [15/Apr/2024:17:39:13 +0000] "POST /api/v1/images HTTP/1.1" 500 747 "-" "PostmanRuntime/7.37.3"
::1 - - [15/Apr/2024:17:40:39 +0000] "POST /api/v1/images HTTP/1.1" 500 747 "-" "PostmanRuntime/7.37.3"
::1 - - [15/Apr/2024:17:40:59 +0000] "POST /api/v1/images HTTP/1.1" 500 747 "-" "PostmanRuntime/7.37.3"
::1 - - [15/Apr/2024:17:41:41 +0000] "POST /api/v1/images HTTP/1.1" 500 747 "-" "PostmanRuntime/7.37.3"
::1 - - [15/Apr/2024:17:41:55 +0000] "POST /api/v1/auth/login HTTP/1.1" 200 310 "-" "PostmanRuntime/7.37.3"
::1 - - [15/Apr/2024:17:46:32 +0000] "POST /api/v1/images HTTP/1.1" 500 747 "-" "PostmanRuntime/7.37.3"
::1 - - [15/Apr/2024:17:47:28 +0000] "POST /api/v1/images HTTP/1.1" 500 747 "-" "PostmanRuntime/7.37.3"
::1 - - [15/Apr/2024:17:49:17 +0000] "POST /api/v1/images HTTP/1.1" 500 747 "-" "PostmanRuntime/7.37.3"
::1 - - [15/Apr/2024:17:49:25 +0000] "POST /api/v1/cars HTTP/1.1" 201 130 "-" "PostmanRuntime/7.37.3"
::1 - - [15/Apr/2024:17:49:31 +0000] "GET /api/v1/cars HTTP/1.1" 200 305 "-" "PostmanRuntime/7.37.3"
::1 - - [15/Apr/2024:17:49:37 +0000] "GET /api/v1/cars HTTP/1.1" 200 305 "-" "PostmanRuntime/7.37.3"
::1 - - [15/Apr/2024:17:49:49 +0000] "POST /api/v1/auth/login HTTP/1.1" 200 310 "-" "PostmanRuntime/7.37.3"
::1 - - [15/Apr/2024:17:49:58 +0000] "GET /api/v1/cars HTTP/1.1" 200 305 "-" "PostmanRuntime/7.37.3"
::1 - - [15/Apr/2024:17:50:20 +0000] "GET /api/v1/auth/myprofile HTTP/1.1" 200 101 "-" "PostmanRuntime/7.37.3"
::1 - - [15/Apr/2024:17:50:25 +0000] "GET /api/v1/auth/users HTTP/1.1" 200 148 "-" "PostmanRuntime/7.37.3"
::1 - - [15/Apr/2024:17:54:35 +0000] "POST /api/v1/images HTTP/1.1" 500 747 "-" "PostmanRuntime/7.37.3"
::1 - - [15/Apr/2024:17:54:49 +0000] "POST /api/v1/images HTTP/1.1" 500 747 "-" "PostmanRuntime/7.37.3"
::1 - - [15/Apr/2024:17:54:52 +0000] "POST /api/v1/images HTTP/1.1" 500 747 "-" "PostmanRuntime/7.37.3"
::1 - - [15/Apr/2024:17:54:59 +0000] "POST /api/v1/images HTTP/1.1" 500 747 "-" "PostmanRuntime/7.37.3"
::1 - - [15/Apr/2024:17:55:27 +0000] "POST /api/v1/images HTTP/1.1" 200 238 "-" "PostmanRuntime/7.37.3"
::1 - - [15/Apr/2024:18:04:10 +0000] "POST /api/v1/cars HTTP/1.1" 422 80 "-" "PostmanRuntime/7.37.3"
::1 - - [15/Apr/2024:18:04:17 +0000] "POST /api/v1/cars HTTP/1.1" 422 80 "-" "PostmanRuntime/7.37.3"
::1 - - [15/Apr/2024:18:04:26 +0000] "POST /api/v1/cars HTTP/1.1" 201 128 "-" "PostmanRuntime/7.37.3"
::1 - - [15/Apr/2024:18:04:31 +0000] "GET /api/v1/cars HTTP/1.1" 200 303 "-" "PostmanRuntime/7.37.3"
::1 - - [16/Apr/2024:04:03:38 +0000] "GET /api/v1/cars HTTP/1.1" 200 303 "-" "PostmanRuntime/7.37.3"
::1 - - [16/Apr/2024:04:03:46 +0000] "POST /api/v1/cars HTTP/1.1" 201 128 "-" "PostmanRuntime/7.37.3"
::1 - - [16/Apr/2024:05:54:05 +0000] "POST /api/v1/cars HTTP/1.1" 201 128 "-" "PostmanRuntime/7.37.3"
::1 - - [16/Apr/2024:05:54:09 +0000] "GET /api/v1/cars HTTP/1.1" 200 761 "-" "PostmanRuntime/7.37.3"
::1 - - [16/Apr/2024:05:54:19 +0000] "PUT /api/v1/cars/2 HTTP/1.1" 401 44 "-" "PostmanRuntime/7.37.3"
::1 - - [16/Apr/2024:05:54:36 +0000] "POST /api/v1/auth/login HTTP/1.1" 200 310 "-" "PostmanRuntime/7.37.3"
::1 - - [16/Apr/2024:05:54:43 +0000] "PUT /api/v1/cars/2 HTTP/1.1" 200 45 "-" "PostmanRuntime/7.37.3"
::1 - - [16/Apr/2024:05:55:45 +0000] "PUT /api/v1/cars/2 HTTP/1.1" 200 56 "-" "PostmanRuntime/7.37.3"
::1 - - [16/Apr/2024:05:56:11 +0000] "PUT /api/v1/cars/2 HTTP/1.1" 200 55 "-" "PostmanRuntime/7.37.3"
::1 - - [16/Apr/2024:05:56:39 +0000] "GET /api/v1/cars HTTP/1.1" 200 763 "-" "PostmanRuntime/7.37.3"
::1 - - [16/Apr/2024:06:00:14 +0000] "PUT /api/v1/cars/2 HTTP/1.1" 422 82 "-" "PostmanRuntime/7.37.3"
::1 - - [16/Apr/2024:06:00:26 +0000] "PUT /api/v1/cars/2 HTTP/1.1" 422 82 "-" "PostmanRuntime/7.37.3"
::1 - - [16/Apr/2024:06:00:41 +0000] "PUT /api/v1/cars/2 HTTP/1.1" 200 55 "-" "PostmanRuntime/7.37.3"
::1 - - [16/Apr/2024:06:02:01 +0000] "PUT /api/v1/cars/2 HTTP/1.1" 200 200 "-" "PostmanRuntime/7.37.3"
::1 - - [16/Apr/2024:06:02:24 +0000] "PUT /api/v1/cars/2 HTTP/1.1" 200 200 "-" "PostmanRuntime/7.37.3"
::1 - - [16/Apr/2024:06:02:32 +0000] "PUT /api/v1/cars/2 HTTP/1.1" 200 200 "-" "PostmanRuntime/7.37.3"
::1 - - [16/Apr/2024:06:02:39 +0000] "GET /api/v1/cars HTTP/1.1" 200 763 "-" "PostmanRuntime/7.37.3"
::1 - - [16/Apr/2024:06:03:09 +0000] "GET /api/v1/cars HTTP/1.1" 200 763 "-" "PostmanRuntime/7.37.3"
::1 - - [16/Apr/2024:06:03:11 +0000] "PUT /api/v1/cars/2 HTTP/1.1" 200 200 "-" "PostmanRuntime/7.37.3"
::1 - - [16/Apr/2024:06:07:08 +0000] "DELETE /api/v1/cars/2 HTTP/1.1" 401 44 "-" "PostmanRuntime/7.37.3"
::1 - - [16/Apr/2024:06:07:17 +0000] "DELETE /api/v1/cars/2 HTTP/1.1" 200 45 "-" "PostmanRuntime/7.37.3"
::1 - - [16/Apr/2024:06:08:15 +0000] "DELETE /api/v1/cars/2 HTTP/1.1" 404 44 "-" "PostmanRuntime/7.37.3"
::1 - - [16/Apr/2024:06:08:27 +0000] "POST /api/v1/cars HTTP/1.1" 201 131 "-" "PostmanRuntime/7.37.3"
::1 - - [16/Apr/2024:06:08:32 +0000] "DELETE /api/v1/cars/4 HTTP/1.1" 200 123 "-" "PostmanRuntime/7.37.3"
::1 - - [16/Apr/2024:06:09:50 +0000] "GET /api/v1/cars/deleted/4 HTTP/1.1" 401 44 "-" "PostmanRuntime/7.37.3"
::1 - - [16/Apr/2024:06:10:02 +0000] "GET /api/v1/cars/deleted/4 HTTP/1.1" 200 306 "-" "PostmanRuntime/7.37.3"
::1 - - [16/Apr/2024:06:12:35 +0000] "GET /api/v1/cars/4/restore HTTP/1.1" 401 44 "-" "PostmanRuntime/7.37.3"
::1 - - [16/Apr/2024:06:13:01 +0000] "GET /api/v1/cars/4/restore HTTP/1.1" 200 46 "-" "PostmanRuntime/7.37.3"
::1 - - [16/Apr/2024:06:13:10 +0000] "GET /api/v1/cars/deleted/4 HTTP/1.1" 404 59 "-" "PostmanRuntime/7.37.3"
::1 - - [16/Apr/2024:06:13:14 +0000] "GET /api/v1/cars HTTP/1.1" 200 764 "-" "PostmanRuntime/7.37.3"
::1 - - [16/Apr/2024:06:14:49 +0000] "DELETE /api/v1/cars/4 HTTP/1.1" 200 123 "-" "PostmanRuntime/7.37.3"
::1 - - [16/Apr/2024:06:14:52 +0000] "GET /api/v1/cars/4/restore HTTP/1.1" 200 107 "-" "PostmanRuntime/7.37.3"
::1 - - [16/Apr/2024:06:15:13 +0000] "DELETE /api/v1/cars/4 HTTP/1.1" 200 123 "-" "PostmanRuntime/7.37.3"
::1 - - [16/Apr/2024:06:15:15 +0000] "GET /api/v1/cars/4/restore HTTP/1.1" 200 125 "-" "PostmanRuntime/7.37.3"
::1 - - [16/Apr/2024:06:16:27 +0000] "DELETE /api/v1/cars/4 HTTP/1.1" 401 44 "-" "PostmanRuntime/7.37.3"
::1 - - [16/Apr/2024:06:16:36 +0000] "DELETE /api/v1/cars/4 HTTP/1.1" 200 123 "-" "PostmanRuntime/7.37.3"
::1 - - [16/Apr/2024:06:16:40 +0000] "GET /api/v1/cars/4/restore HTTP/1.1" 200 125 "-" "PostmanRuntime/7.37.3"
::1 - - [16/Apr/2024:06:18:11 +0000] "GET /api/v1/cars/4/restore HTTP/1.1" 404 160 "-" "PostmanRuntime/7.37.3"
::1 - - [16/Apr/2024:06:18:19 +0000] "GET /api/v1/cars/deleted/4/restore HTTP/1.1" 404 44 "-" "PostmanRuntime/7.37.3"
::1 - - [16/Apr/2024:06:18:21 +0000] "DELETE /api/v1/cars/4 HTTP/1.1" 200 123 "-" "PostmanRuntime/7.37.3"
::1 - - [16/Apr/2024:06:18:24 +0000] "GET /api/v1/cars/deleted/4/restore HTTP/1.1" 200 125 "-" "PostmanRuntime/7.37.3"
::1 - - [16/Apr/2024:06:18:31 +0000] "DELETE /api/v1/deleted/cars/4 HTTP/1.1" 404 163 "-" "PostmanRuntime/7.37.3"
::1 - - [16/Apr/2024:06:18:45 +0000] "DELETE /api/v1/cars/deleted/4/force HTTP/1.1" 404 59 "-" "PostmanRuntime/7.37.3"
::1 - - [16/Apr/2024:06:18:49 +0000] "DELETE /api/v1/cars/4 HTTP/1.1" 200 123 "-" "PostmanRuntime/7.37.3"
::1 - - [16/Apr/2024:06:18:51 +0000] "DELETE /api/v1/cars/deleted/4/force HTTP/1.1" 500 78 "-" "PostmanRuntime/7.37.3"
::1 - - [16/Apr/2024:06:21:26 +0000] "DELETE /api/v1/cars/deleted/4/force HTTP/1.1" 200 62 "-" "PostmanRuntime/7.37.3"
